 ┌────────────────────────────────────────────────────────────────────────────┐ 
 │  Running packager on port 8081.                                            │ 
 │                                                                            │ 
 │  Keep this packager running while developing on any JS projects. Feel      │ 
 │  free to close this tab and run your own packager instance if you          │ 
 │  prefer.                                                                   │ 
 │                                                                            │ 
 │  https://github.com/facebook/react-native                                  │ 
 │                                                                            │ 
 └────────────────────────────────────────────────────────────────────────────┘ 
Looking for JS files in
   /Users/witness/workspace/example_rn/addOnsForRN/ReactComponent 

[14:56:23] <START> Building Dependency Graph
[14:56:23] <START> Crawling File System
[14:56:23] <START> Loading bundles layout
[14:56:23] <END>   Loading bundles layout (1ms)

React packager ready.

[14:56:25] <END>   Crawling File System (2137ms)
[14:56:25] <START> Building in-memory fs for JavaScript
[14:56:26] <END>   Building in-memory fs for JavaScript (359ms)
[14:56:26] <START> Building in-memory fs for Assets
[14:56:26] <END>   Building in-memory fs for Assets (289ms)
[14:56:26] <START> Building Haste Map
[14:56:26] <START> Building (deprecated) Asset Map
[14:56:26] <END>   Building (deprecated) Asset Map (72ms)
[14:56:27] <END>   Building Haste Map (1112ms)
[14:56:27] <END>   Building Dependency Graph (3906ms)
[14:56:34] <START> request:/index.ios.bundle?platform=ios&dev=true
[14:56:34] <START> find dependencies
[14:56:34] <END>   find dependencies (348ms)
[14:56:34] <START> transform
[14:56:34] <END>   transform (282ms)
[14:56:34] <END>   request:/index.ios.bundle?platform=ios&dev=true (653ms)
::1 - - [08/Dec/2015:06:56:34 +0000] "GET /flow/ HTTP/1.1" 404 18 "-" "testRN/1 CFNetwork/758.1.6 Darwin/15.0.0"
[14:57:00] <START> request:/index.ios.bundle?platform=ios&dev=true
[14:57:00] <END>   request:/index.ios.bundle?platform=ios&dev=true (14ms)
::1 - - [08/Dec/2015:06:57:00 +0000] "GET /flow/ HTTP/1.1" 404 18 "-" "testRN/1 CFNetwork/758.1.6 Darwin/15.0.0"
[14:57:44] <START> find dependencies
[14:57:44] <END>   find dependencies (114ms)
[14:57:44] <START> transform
[14:57:44] <END>   transform (272ms)
[14:57:45] <START> request:/index.ios.bundle?platform=ios&dev=true
[14:57:45] <END>   request:/index.ios.bundle?platform=ios&dev=true (18ms)
::1 - - [08/Dec/2015:06:57:45 +0000] "GET /flow/ HTTP/1.1" 404 18 "-" "testRN/1 CFNetwork/758.1.6 Darwin/15.0.0"
[14:57:46] <START> request:/index.ios.bundle?platform=ios&dev=true
[14:57:46] <END>   request:/index.ios.bundle?platform=ios&dev=true (14ms)
::1 - - [08/Dec/2015:06:57:46 +0000] "GET /flow/ HTTP/1.1" 404 18 "-" "testRN/1 CFNetwork/758.1.6 Darwin/15.0.0"
[14:58:00] <START> find dependencies
[14:58:00] <END>   find dependencies (88ms)
[14:58:00] <START> transform
[14:58:00] <END>   transform (243ms)
[14:58:03] <START> request:/index.ios.bundle?platform=ios&dev=true
[14:58:03] <END>   request:/index.ios.bundle?platform=ios&dev=true (12ms)
::1 - - [08/Dec/2015:06:58:03 +0000] "GET /flow/ HTTP/1.1" 404 18 "-" "testRN/1 CFNetwork/758.1.6 Darwin/15.0.0"
[14:59:42] <START> request:/index.ios.bundle?platform=ios&dev=true
[14:59:42] <END>   request:/index.ios.bundle?platform=ios&dev=true (10ms)
::1 - - [08/Dec/2015:06:59:42 +0000] "GET /flow/ HTTP/1.1" 404 18 "-" "testRN/1 CFNetwork/758.1.6 Darwin/15.0.0"
[14:59:47] <START> request:/index.ios.bundle?platform=ios&dev=true
[14:59:47] <END>   request:/index.ios.bundle?platform=ios&dev=true (15ms)
::1 - - [08/Dec/2015:06:59:47 +0000] "GET /flow/ HTTP/1.1" 404 18 "-" "testRN/1 CFNetwork/758.1.6 Darwin/15.0.0"
[14:59:50] <START> request:/index.ios.bundle?platform=ios&dev=true
[14:59:50] <END>   request:/index.ios.bundle?platform=ios&dev=true (15ms)
::1 - - [08/Dec/2015:06:59:50 +0000] "GET /flow/ HTTP/1.1" 404 18 "-" "testRN/1 CFNetwork/758.1.6 Darwin/15.0.0"
[15:00:04] <START> request:/index.ios.bundle?platform=ios&dev=true
[15:00:04] <END>   request:/index.ios.bundle?platform=ios&dev=true (14ms)
::1 - - [08/Dec/2015:07:00:04 +0000] "GET /flow/ HTTP/1.1" 404 18 "-" "testRN/1 CFNetwork/758.1.6 Darwin/15.0.0"
[15:00:04] <START> request:/index.ios.bundle?platform=ios&dev=true
[15:00:04] <END>   request:/index.ios.bundle?platform=ios&dev=true (18ms)
::1 - - [08/Dec/2015:07:00:04 +0000] "GET /flow/ HTTP/1.1" 404 18 "-" "testRN/1 CFNetwork/758.1.6 Darwin/15.0.0"
[15:00:05] <START> request:/index.ios.bundle?platform=ios&dev=true
[15:00:05] <END>   request:/index.ios.bundle?platform=ios&dev=true (16ms)
::1 - - [08/Dec/2015:07:00:05 +0000] "GET /flow/ HTTP/1.1" 404 18 "-" "testRN/1 CFNetwork/758.1.6 Darwin/15.0.0"
[15:00:05] <START> request:/index.ios.bundle?platform=ios&dev=true
[15:00:05] <END>   request:/index.ios.bundle?platform=ios&dev=true (19ms)
::1 - - [08/Dec/2015:07:00:06 +0000] "GET /flow/ HTTP/1.1" 404 18 "-" "testRN/1 CFNetwork/758.1.6 Darwin/15.0.0"
[15:00:06] <START> request:/index.ios.bundle?platform=ios&dev=true
[15:00:06] <END>   request:/index.ios.bundle?platform=ios&dev=true (18ms)
::1 - - [08/Dec/2015:07:00:06 +0000] "GET /flow/ HTTP/1.1" 404 18 "-" "testRN/1 CFNetwork/758.1.6 Darwin/15.0.0"
[15:01:05] <START> find dependencies
[15:01:06] <END>   find dependencies (119ms)
[15:01:06] <START> transform
[15:01:06] <END>   transform (287ms)
[15:01:07] <START> request:/index.ios.bundle?platform=ios&dev=true
[15:01:07] <END>   request:/index.ios.bundle?platform=ios&dev=true (11ms)
::1 - - [08/Dec/2015:07:01:07 +0000] "GET /flow/ HTTP/1.1" 404 18 "-" "testRN/1 CFNetwork/758.1.6 Darwin/15.0.0"
[15:01:27] <START> find dependencies
[15:01:27] <END>   find dependencies (103ms)
[15:01:27] <START> transform
[15:01:27] <END>   transform (223ms)
[15:01:31] <START> request:/index.ios.bundle?platform=ios&dev=true
[15:01:31] <END>   request:/index.ios.bundle?platform=ios&dev=true (22ms)
::1 - - [08/Dec/2015:07:01:31 +0000] "GET /flow/ HTTP/1.1" 404 18 "-" "testRN/1 CFNetwork/758.1.6 Darwin/15.0.0"
[15:01:51] <START> find dependencies
[15:01:51] <END>   find dependencies (87ms)
[15:01:51] <START> transform
[15:01:52] <END>   transform (251ms)
[15:01:56] <START> find dependencies
[15:01:56] <END>   find dependencies (84ms)
[15:01:56] <START> transform
[15:01:56] <END>   transform (71ms)
[15:03:14] <START> find dependencies
[15:03:14] <END>   find dependencies (88ms)
[15:03:14] <START> transform
[15:03:14] <END>   transform (111ms)
[15:05:00] <START> find dependencies
[15:05:00] <END>   find dependencies (90ms)
[15:05:00] <START> transform
[15:05:00] <END>   transform (82ms)
[15:05:34] <START> request:/index.ios.bundle?platform=ios&dev=true
[15:05:34] <END>   request:/index.ios.bundle?platform=ios&dev=true (12ms)
::1 - - [08/Dec/2015:07:05:34 +0000] "GET /flow/ HTTP/1.1" 404 18 "-" "testRN/1 CFNetwork/758.1.6 Darwin/15.0.0"
[15:06:01] <START> request:/index.ios.bundle?platform=ios&dev=true
[15:06:01] <END>   request:/index.ios.bundle?platform=ios&dev=true (25ms)
::1 - - [08/Dec/2015:07:06:01 +0000] "GET /flow/ HTTP/1.1" 404 18 "-" "testRN/1 CFNetwork/758.1.6 Darwin/15.0.0"
[15:07:26] <START> request:/index.ios.bundle?platform=ios&dev=true
[15:07:26] <END>   request:/index.ios.bundle?platform=ios&dev=true (12ms)
::1 - - [08/Dec/2015:07:07:26 +0000] "GET /flow/ HTTP/1.1" 404 18 "-" "testRN/1 CFNetwork/758.1.6 Darwin/15.0.0"
[15:14:49] <START> request:/index.ios.bundle?platform=ios&dev=true
[15:14:49] <END>   request:/index.ios.bundle?platform=ios&dev=true (11ms)
::1 - - [08/Dec/2015:07:14:49 +0000] "GET /flow/ HTTP/1.1" 404 18 "-" "testRN/1 CFNetwork/758.1.6 Darwin/15.0.0"
[15:40:30] <START> request:/index.ios.bundle?platform=ios&dev=true
[15:40:30] <END>   request:/index.ios.bundle?platform=ios&dev=true (10ms)
::1 - - [08/Dec/2015:07:40:31 +0000] "GET /flow/ HTTP/1.1" 404 18 "-" "testRN/1 CFNetwork/758.1.6 Darwin/15.0.0"
[15:41:35] <START> request:/index.ios.bundle?platform=ios&dev=true
[15:41:35] <END>   request:/index.ios.bundle?platform=ios&dev=true (16ms)
::1 - - [08/Dec/2015:07:41:35 +0000] "GET /flow/ HTTP/1.1" 404 18 "-" "testRN/1 CFNetwork/758.1.6 Darwin/15.0.0"
[15:43:43] <START> request:/index.ios.bundle?platform=ios&dev=true
[15:43:43] <END>   request:/index.ios.bundle?platform=ios&dev=true (14ms)
::1 - - [08/Dec/2015:07:43:43 +0000] "GET /flow/ HTTP/1.1" 404 18 "-" "testRN/1 CFNetwork/758.1.6 Darwin/15.0.0"
[15:47:32] <START> find dependencies
[15:47:32] <END>   find dependencies (110ms)
[15:47:32] <START> transform
[15:47:32] <END>   transform (113ms)
[15:47:43] <START> find dependencies
[15:47:43] <END>   find dependencies (87ms)
[15:47:43] <START> transform
[15:47:43] <END>   transform (108ms)
[15:47:58] <START> request:/index.ios.bundle?platform=ios&dev=true
[15:47:58] <END>   request:/index.ios.bundle?platform=ios&dev=true (10ms)
::1 - - [08/Dec/2015:07:47:58 +0000] "GET /flow/ HTTP/1.1" 404 18 "-" "testRN/1 CFNetwork/758.1.6 Darwin/15.0.0"
[15:48:42] <START> request:/index.ios.bundle?platform=ios&dev=true
[15:48:42] <END>   request:/index.ios.bundle?platform=ios&dev=true (11ms)
::1 - - [08/Dec/2015:07:48:42 +0000] "GET /flow/ HTTP/1.1" 404 18 "-" "testRN/1 CFNetwork/758.1.6 Darwin/15.0.0"
[15:49:32] <START> request:/index.ios.bundle?platform=ios&dev=true
[15:49:32] <END>   request:/index.ios.bundle?platform=ios&dev=true (9ms)
::1 - - [08/Dec/2015:07:49:32 +0000] "GET /flow/ HTTP/1.1" 404 18 "-" "testRN/1 CFNetwork/758.1.6 Darwin/15.0.0"
[15:50:09] <START> request:/index.ios.bundle?platform=ios&dev=true
[15:50:09] <END>   request:/index.ios.bundle?platform=ios&dev=true (13ms)
::1 - - [08/Dec/2015:07:50:09 +0000] "GET /flow/ HTTP/1.1" 404 18 "-" "testRN/1 CFNetwork/758.1.6 Darwin/15.0.0"
[15:59:37] <START> request:/index.ios.bundle?platform=ios&dev=true
[15:59:37] <END>   request:/index.ios.bundle?platform=ios&dev=true (20ms)
::1 - - [08/Dec/2015:07:59:37 +0000] "GET /flow/ HTTP/1.1" 404 18 "-" "testRN/1 CFNetwork/758.1.6 Darwin/15.0.0"
[16:11:50] <START> request:/index.ios.bundle?platform=ios&dev=true
[16:11:50] <END>   request:/index.ios.bundle?platform=ios&dev=true (47ms)
::1 - - [08/Dec/2015:08:11:50 +0000] "GET /flow/ HTTP/1.1" 404 18 "-" "testRN/1 CFNetwork/758.1.6 Darwin/15.0.0"
[16:12:31] <START> request:/index.ios.bundle?platform=ios&dev=true
[16:12:31] <END>   request:/index.ios.bundle?platform=ios&dev=true (14ms)
::1 - - [08/Dec/2015:08:12:31 +0000] "GET /flow/ HTTP/1.1" 404 18 "-" "testRN/1 CFNetwork/758.1.6 Darwin/15.0.0"
[16:12:37] <START> request:/index.ios.bundle?platform=ios&dev=true
[16:12:37] <END>   request:/index.ios.bundle?platform=ios&dev=true (15ms)
[16:12:37] <START> request:/index.ios.bundle?platform=ios&dev=true
[16:12:37] <END>   request:/index.ios.bundle?platform=ios&dev=true (15ms)
[16:12:37] <START> request:/index.ios.map?platform=ios&dev=true
[16:12:37] <END>   request:/index.ios.map?platform=ios&dev=true (93ms)
::1 - - [08/Dec/2015:08:12:38 +0000] "GET /flow/ HTTP/1.1" 404 18 "-" "testRN/1 CFNetwork/758.1.6 Darwin/15.0.0"
[16:19:04] <START> find dependencies
[16:19:04] <END>   find dependencies (101ms)
[16:19:04] <START> transform
[16:19:04] <END>   transform (117ms)
[16:19:10] <START> request:/index.ios.bundle?platform=ios&dev=true
[16:19:10] <END>   request:/index.ios.bundle?platform=ios&dev=true (19ms)
[16:19:10] <START> request:/index.ios.bundle?platform=ios&dev=true
[16:19:10] <END>   request:/index.ios.bundle?platform=ios&dev=true (18ms)
[16:19:10] <START> request:/index.ios.bundle?platform=ios&dev=true
[16:19:10] <END>   request:/index.ios.bundle?platform=ios&dev=true (12ms)
[16:19:10] <START> request:/index.ios.map?platform=ios&dev=true
[16:19:11] <END>   request:/index.ios.map?platform=ios&dev=true (86ms)
::1 - - [08/Dec/2015:08:19:16 +0000] "GET /flow/ HTTP/1.1" 404 18 "-" "testRN/1 CFNetwork/758.1.6 Darwin/15.0.0"
[16:24:32] <START> find dependencies
[16:24:33] <END>   find dependencies (110ms)
[16:24:33] <START> transform
[16:24:33] <END>   transform (109ms)
[16:24:35] <START> request:/index.ios.bundle?platform=ios&dev=true
[16:24:35] <END>   request:/index.ios.bundle?platform=ios&dev=true (16ms)
[16:24:36] <START> request:/index.ios.bundle?platform=ios&dev=true
[16:24:36] <END>   request:/index.ios.bundle?platform=ios&dev=true (11ms)
[16:24:36] <START> request:/index.ios.map?platform=ios&dev=true
[16:24:36] <END>   request:/index.ios.map?platform=ios&dev=true (89ms)
::1 - - [08/Dec/2015:08:24:40 +0000] "GET /flow/ HTTP/1.1" 404 18 "-" "testRN/1 CFNetwork/758.1.6 Darwin/15.0.0"
[16:30:03] <START> request:/index.ios.bundle?platform=ios&dev=true
[16:30:03] <END>   request:/index.ios.bundle?platform=ios&dev=true (17ms)
::1 - - [08/Dec/2015:08:30:04 +0000] "GET /flow/ HTTP/1.1" 404 18 "-" "testRN/1 CFNetwork/758.1.6 Darwin/15.0.0"
[17:00:53] <START> request:/index.ios.bundle?platform=ios&dev=true
[17:00:53] <END>   request:/index.ios.bundle?platform=ios&dev=true (46ms)
[17:16:55] <START> find dependencies
[17:16:55] <END>   find dependencies (87ms)
[17:16:55] <START> transform
[17:16:55] <END>   transform (106ms)
[17:16:59] <START> find dependencies
[17:16:59] <END>   find dependencies (68ms)
[17:16:59] <START> transform
[17:17:00] <END>   transform (76ms)
